2025-08-23 10:58:17 INFO  TC001_RegisterAccountTest:14 - TC001...
2025-08-23 10:58:17 INFO  TC001_RegisterAccountTest:16 - Test started...
2025-08-23 10:58:17 INFO  TC001_RegisterAccountTest:18 - Clicking my account..
2025-08-23 10:58:18 INFO  TC001_RegisterAccountTest:20 - Clicking resgister...
2025-08-23 10:58:19 INFO  TC001_RegisterAccountTest:24 - Entering details...
2025-08-23 10:58:21 INFO  TC001_RegisterAccountTest:40 - Test passed...
2025-08-23 10:58:28 INFO  TC002_LoginTest:15 - ----TC_002 STARTS----
2025-08-23 10:58:28 INFO  TC002_LoginTest:17 - ----Opens homepage----
2025-08-23 10:58:29 INFO  TC002_LoginTest:22 - ----Opens Login page and Enter details----
2025-08-23 10:58:29 INFO  TC002_LoginTest:28 - ----Validation takes place----
2025-08-23 10:58:30 INFO  TC002_LoginTest:35 - ----TC_002 Finished----
2025-08-23 11:26:27 INFO  TC001_RegisterAccountTest:14 - TC001...
2025-08-23 11:26:27 INFO  TC001_RegisterAccountTest:16 - Test started...
2025-08-23 11:26:27 INFO  TC001_RegisterAccountTest:18 - Clicking my account..
2025-08-23 11:26:27 INFO  TC001_RegisterAccountTest:20 - Clicking resgister...
2025-08-23 11:26:28 INFO  TC001_RegisterAccountTest:24 - Entering details...
2025-08-23 11:26:31 INFO  TC001_RegisterAccountTest:40 - Test passed...
2025-08-23 11:26:36 INFO  TC002_LoginTest:15 - ----TC_002 STARTS----
2025-08-23 11:26:36 INFO  TC002_LoginTest:17 - ----Opens homepage----
2025-08-23 11:26:37 INFO  TC002_LoginTest:22 - ----Opens Login page and Enter details----
2025-08-23 11:26:38 INFO  TC002_LoginTest:28 - ----Validation takes place----
2025-08-23 11:26:38 INFO  TC002_LoginTest:35 - ----TC_002 Finished----
